<?xml version="1.0" encoding="UTF-8"?>
<testng-results ignored="0" total="1" passed="1" failed="0" skipped="0">
  <reporter-output>
    <line>
      <![CDATA[hello java]]>
    </line>
  </reporter-output>
  <suite started-at="2022-12-12T14:43:48 IST" name="Default suite" finished-at="2022-12-12T14:43:48 IST" duration-ms="70">
    <groups>
    </groups>
    <test started-at="2022-12-12T14:43:48 IST" name="Default test" finished-at="2022-12-12T14:43:48 IST" duration-ms="70">
      <class name="scripts.Test1">
        <test-method signature="tc1()[pri:0, instance:scripts.Test1@3e92efc3]" started-at="2022-12-12T14:43:48 IST" name="tc1" finished-at="2022-12-12T14:43:48 IST" duration-ms="12" status="PASS">
          <reporter-output>
            <line>
              <![CDATA[hello java]]>
            </line>
          </reporter-output>
        </test-method> <!-- tc1 -->
      </class> <!-- scripts.Test1 -->
    </test> <!-- Default test -->
  </suite> <!-- Default suite -->
</testng-results>
